
========================== phenix.fobs_minus_fobs_map =========================

Command line arguments: 
['/Users/fpoitevi/gdrive/Toolkit/MPflat/systems/4y9h/.phenix/project_data/fobs_minus_fobs_map_6.eff', 'f_obs_1_file_name=/Users/fpoitevi/gdrive/Toolkit/MPflat/systems/4y9h/refmac-cmdline-test/out_solvent.mtz', 'f_obs_2_file_name=/Users/fpoitevi/gdrive/Toolkit/MPflat/systems/4y9h/refmac-cmdline-test/out_nosolvent.mtz', 'phase_source=/Users/fpoitevi/gdrive/Toolkit/MPflat/systems/4y9h/refmac-cmdline-test/out_solvent.pdb']

*** Parameters:
f_obs_1_file_name = /Users/fpoitevi/gdrive/Toolkit/MPflat/systems/4y9h/refmac-cmdline-test/out_solvent.mtz
f_obs_1_label = FP,SIGFP
f_obs_2_file_name = /Users/fpoitevi/gdrive/Toolkit/MPflat/systems/4y9h/refmac-cmdline-test/out_nosolvent.mtz
f_obs_2_label = FP,SIGFP
high_resolution = None
low_resolution = None
sigma_cutoff = None
phase_source = /Users/fpoitevi/gdrive/Toolkit/MPflat/systems/4y9h/refmac-cmdline-test/out_solvent.pdb
scattering_table = *xray neutron
output_file = None
output_dir = /Users/fpoitevi/gdrive/Toolkit/MPflat/systems/4y9h/refmac-cmdline-test
file_name_prefix = """4y9h_fo_minus_fo"""
job_id = 6
ignore_non_isomorphous_unit_cells = False
job_title = """test"""
advanced {
  multiscale = False
  omit_selection = None
  anomalous = False
}
find_peaks_holes = False
map_cutoff = 3.0
peak_search {
  use_sigma_scaled_maps = True
  resolution_factor = 1./4.
  map_next_to_model {
    min_model_peak_dist = 1.8
    max_model_peak_dist = 6.0
    min_peak_peak_dist = 1.8
    use_hydrogens = False
  }
  max_number_of_peaks = None
  peak_search {
    peak_search_level = 1
    max_peaks = 0
    interpolate = True
    min_distance_sym_equiv = None
    general_positions_only = False
    min_cross_distance = 1.8
    min_cubicle_edge = 5
  }
}

*** Summary for data set 0:
Miller array info: /Users/fpoitevi/gdrive/Toolkit/MPflat/systems/4y9h/refmac-cmdline-test/out_solvent.mtz:FP,SIGFP
Observation type: xray.amplitude
Type of data: double, size=55173
Type of sigmas: double, size=55173
Number of Miller indices: 55173
Anomalous flag: False
Unit cell: (45.215, 102.794, 128.337, 90, 90, 90)
Space group: C 2 2 21 (No. 20)
Systematic absences: 0
Centric reflections: 4365
Resolution range: 47.7129 1.4286
Completeness in resolution range: 0.988533
Completeness with d_max=infinity: 0.988498
Wavelength: 0.0000

*** Summary for data set 1:
Miller array info: /Users/fpoitevi/gdrive/Toolkit/MPflat/systems/4y9h/refmac-cmdline-test/out_nosolvent.mtz:FP,SIGFP
Observation type: xray.amplitude
Type of data: double, size=55173
Type of sigmas: double, size=55173
Number of Miller indices: 55173
Anomalous flag: False
Unit cell: (45.215, 102.794, 128.337, 90, 90, 90)
Space group: C 2 2 21 (No. 20)
Systematic absences: 0
Centric reflections: 4365
Resolution range: 47.7129 1.4286
Completeness in resolution range: 0.988533
Completeness with d_max=infinity: 0.988498
Wavelength: 0.0000

*** Model summary:
Number of scatterers: 2109
At special positions: 0
Unit cell: (45.215, 102.794, 128.337, 90, 90, 90)
Space group: C 2 2 21 (No. 20)

Data set: 0
|--(resolution: 1.43 - 47.71 A, n_refl.=55171 (all), 100.00% free)------------|
|                                                                             |
| r_work= 0.2089 r_free= 0.2089 coordinate error (max.-lik. estimate): 0.21 A |
|                                                                             |
| x-ray target function (ls_wunit_k1) for work reflections: 0.053313          |
|-----------------------------------------------------------------------------|

Data set: 1
|--(resolution: 1.43 - 47.71 A, n_refl.=55171 (all), 100.00% free)------------|
|                                                                             |
| r_work= 0.2089 r_free= 0.2089 coordinate error (max.-lik. estimate): 0.21 A |
|                                                                             |
| x-ray target function (ls_wunit_k1) for work reflections: 0.053275          |
|-----------------------------------------------------------------------------|


Fobs1_vs_Fobs2 statistics:
Bin# Resolution range  Compl.  No.of refl. CC   R-factor
  1: 47.7395 -  6.8383   0.99    580         1.000  0.0001
  2:  6.8383 -  5.4303   0.99    549         1.000  0.0000
  3:  5.4303 -  4.7445   0.99    526         1.000  0.0000
  4:  4.7445 -  4.3111   0.99    535         1.000  0.0000
  5:  4.3111 -  4.0022   0.99    519         1.000  0.0000
  6:  4.0022 -  3.7664   0.99    520         1.000  0.0000
  7:  3.7664 -  3.5778   0.99    540         1.000  0.0000
  8:  3.5778 -  3.4221   0.99    508         1.000  0.0001
  9:  3.4221 -  3.2904   0.99    516         1.000  0.0001
 10:  3.2904 -  3.1769   0.99    532         1.000  0.0001
 11:  3.1769 -  3.0776   0.99    517         1.000  0.0001
 12:  3.0776 -  2.9896   0.99    514         1.000  0.0001
 13:  2.9896 -  2.9109   0.99    512         1.000  0.0000
 14:  2.9109 -  2.8399   0.99    501         1.000  0.0000
 15:  2.8399 -  2.7754   0.99    534         1.000  0.0000
 16:  2.7754 -  2.7163   0.99    515         1.000  0.0000
 17:  2.7163 -  2.6620   0.99    484         1.000  0.0000
 18:  2.6620 -  2.6117   0.99    546         1.000  0.0000
 19:  2.6117 -  2.5651   0.99    491         1.000  0.0000
 20:  2.5651 -  2.5216   0.99    511         1.000  0.0001
 21:  2.5216 -  2.4809   0.99    519         1.000  0.0001
 22:  2.4809 -  2.4428   0.99    500         1.000  0.0001
 23:  2.4428 -  2.4069   0.99    529         1.000  0.0001
 24:  2.4069 -  2.3730   0.99    492         1.000  0.0001
 25:  2.3730 -  2.3409   0.99    507         1.000  0.0001
 26:  2.3409 -  2.3105   0.99    532         1.000  0.0001
 27:  2.3105 -  2.2816   0.99    499         1.000  0.0001
 28:  2.2816 -  2.2541   0.99    492         1.000  0.0001
 29:  2.2541 -  2.2279   0.99    527         1.000  0.0001
 30:  2.2279 -  2.2029   0.99    518         1.000  0.0001
 31:  2.2029 -  2.1789   0.99    496         1.000  0.0001
 32:  2.1789 -  2.1560   0.99    484         1.000  0.0001
 33:  2.1560 -  2.1340   0.99    525         1.000  0.0001
 34:  2.1340 -  2.1129   0.99    525         1.000  0.0001
 35:  2.1129 -  2.0925   0.99    495         1.000  0.0001
 36:  2.0925 -  2.0730   0.99    490         1.000  0.0001
 37:  2.0730 -  2.0541   0.99    494         1.000  0.0001
 38:  2.0541 -  2.0360   0.99    518         1.000  0.0001
 39:  2.0360 -  2.0184   0.99    516         1.000  0.0001
 40:  2.0184 -  2.0015   0.99    487         1.000  0.0001
 41:  2.0015 -  1.9851   0.99    516         1.000  0.0002
 42:  1.9851 -  1.9692   0.99    509         1.000  0.0002
 43:  1.9692 -  1.9538   0.99    506         1.000  0.0002
 44:  1.9538 -  1.9389   0.99    482         1.000  0.0002
 45:  1.9389 -  1.9244   0.99    516         1.000  0.0002
 46:  1.9244 -  1.9104   0.99    519         1.000  0.0002
 47:  1.9104 -  1.8967   0.99    485         1.000  0.0002
 48:  1.8967 -  1.8835   0.99    506         1.000  0.0002
 49:  1.8835 -  1.8706   0.99    499         1.000  0.0002
 50:  1.8706 -  1.8580   0.99    509         1.000  0.0002
 51:  1.8580 -  1.8458   0.99    520         1.000  0.0002
 52:  1.8458 -  1.8339   0.99    494         1.000  0.0003
 53:  1.8339 -  1.8223   0.99    489         1.000  0.0005
 54:  1.8223 -  1.8109   0.99    469         1.000  0.0005
 55:  1.8109 -  1.7999   0.99    530         1.000  0.0005
 56:  1.7999 -  1.7891   0.99    522         1.000  0.0005
 57:  1.7891 -  1.7786   0.99    501         1.000  0.0004
 58:  1.7786 -  1.7683   0.99    473         1.000  0.0004
 59:  1.7683 -  1.7583   0.99    516         1.000  0.0004
 60:  1.7583 -  1.7484   0.99    487         1.000  0.0004
 61:  1.7484 -  1.7388   0.99    515         1.000  0.0004
 62:  1.7388 -  1.7294   0.99    510         1.000  0.0004
 63:  1.7294 -  1.7202   0.99    502         1.000  0.0004
 64:  1.7202 -  1.7112   0.99    480         1.000  0.0004
 65:  1.7112 -  1.7024   0.99    506         1.000  0.0004
 66:  1.7024 -  1.6938   0.99    492         1.000  0.0004
 67:  1.6938 -  1.6853   0.99    515         1.000  0.0004
 68:  1.6853 -  1.6770   0.99    485         1.000  0.0004
 69:  1.6770 -  1.6689   0.99    489         1.000  0.0003
 70:  1.6689 -  1.6609   0.99    506         1.000  0.0003
 71:  1.6609 -  1.6530   0.99    496         1.000  0.0003
 72:  1.6530 -  1.6454   0.99    514         1.000  0.0003
 73:  1.6454 -  1.6378   0.99    489         1.000  0.0003
 74:  1.6378 -  1.6304   0.99    506         1.000  0.0003
 75:  1.6304 -  1.6231   0.99    509         1.000  0.0003
 76:  1.6231 -  1.6160   0.99    481         1.000  0.0003
 77:  1.6160 -  1.6089   0.99    476         1.000  0.0003
 78:  1.6089 -  1.6020   0.99    514         1.000  0.0003
 79:  1.6020 -  1.5953   0.99    518         1.000  0.0003
 80:  1.5953 -  1.5886   0.99    489         1.000  0.0003
 81:  1.5886 -  1.5820   0.99    505         1.000  0.0003
 82:  1.5820 -  1.5756   0.99    481         1.000  0.0003
 83:  1.5756 -  1.5692   0.99    493         1.000  0.0003
 84:  1.5692 -  1.5630   0.99    503         1.000  0.0003
 85:  1.5630 -  1.5568   0.99    470         1.000  0.0003
 86:  1.5568 -  1.5507   0.99    526         1.000  0.0003
 87:  1.5507 -  1.5448   0.99    498         1.000  0.0003
 88:  1.5448 -  1.5389   0.99    489         1.000  0.0003
 89:  1.5389 -  1.5331   0.99    511         1.000  0.0003
 90:  1.5331 -  1.5274   0.99    475         1.000  0.0002
 91:  1.5274 -  1.5218   0.99    491         1.000  0.0003
 92:  1.5218 -  1.5163   0.99    510         1.000  0.0003
 93:  1.5163 -  1.5108   0.99    476         1.000  0.0003
 94:  1.5108 -  1.5054   0.99    524         1.000  0.0003
 95:  1.5054 -  1.5001   0.99    497         1.000  0.0002
 96:  1.5001 -  1.4949   0.99    475         1.000  0.0002
 97:  1.4949 -  1.4898   0.99    512         1.000  0.0002
 98:  1.4898 -  1.4847   0.99    478         1.000  0.0002
 99:  1.4847 -  1.4797   0.99    491         1.000  0.0002
100:  1.4797 -  1.4747   0.99    503         1.000  0.0003
101:  1.4747 -  1.4698   0.99    471         1.000  0.0002
102:  1.4698 -  1.4650   0.99    519         1.000  0.0002
103:  1.4650 -  1.4603   0.99    491         1.000  0.0002
104:  1.4603 -  1.4556   0.99    484         1.000  0.0003
105:  1.4556 -  1.4509   0.99    509         1.000  0.0003
106:  1.4509 -  1.4463   0.99    471         1.000  0.0003
107:  1.4463 -  1.4418   0.99    467         1.000  0.0003
108:  1.4418 -  1.4374   0.99    526         1.000  0.0003
109:  1.4374 -  1.4330   0.99    492         1.000  0.0003
110:  1.4330 -  1.4286   0.99    198         1.000  0.0003
